[31mfailed to load config from C:\Projects\DocFlow\document-workflow-app\frontend\vite.config.ts[39m
[31merror when starting dev server:
Error: Build failed with 1 error:

[plugin externalize-deps]
Error: spawn EPERM
    at ChildProcess.spawn (node:internal/child_process:441:11)
    at spawn (node:child_process:796:9)
    at Object.execFile (node:child_process:349:17)
    at exec (node:child_process:236:25)
    at optimizeSafeRealPathSync (file:///C:/Projects/DocFlow/document-workflow-app/frontend/node_modules/vite/dist/node/chunks/node.js:2208:2)
    at windowsSafeRealPathSync (file:///C:/Projects/DocFlow/document-workflow-app/frontend/node_modules/vite/dist/node/chunks/node.js:2194:3)
    at getRealPath (file:///C:/Projects/DocFlow/document-workflow-app/frontend/node_modules/vite/dist/node/chunks/node.js:32001:36)
    at tryResolveRealFileOrType (file:///C:/Projects/DocFlow/document-workflow-app/frontend/node_modules/vite/dist/node/chunks/node.js:31995:9)
    at tryCleanFsResolve (file:///C:/Projects/DocFlow/document-workflow-app/frontend/node_modules/vite/dist/node/chunks/node.js:31744:21)
    at tryFsResolve (file:///C:/Projects/DocFlow/document-workflow-app/frontend/node_modules/vite/dist/node/chunks/node.js:31737:14)
    at aggregateBindingErrorsIntoJsError (file:///C:/Projects/DocFlow/document-workflow-app/frontend/node_modules/rolldown/dist/shared/error-B68YLzl3.mjs:48:18)
    at unwrapBindingResult (file:///C:/Projects/DocFlow/document-workflow-app/frontend/node_modules/rolldown/dist/shared/error-B68YLzl3.mjs:18:128)
    at #build (file:///C:/Projects/DocFlow/document-workflow-app/frontend/node_modules/rolldown/dist/shared/rolldown-build-DR0wzp0V.mjs:3256:34)
    at async bundleConfigFile (file:///C:/Projects/DocFlow/document-workflow-app/frontend/node_modules/vite/dist/node/chunks/node.js:35621:17)
    at async bundleAndLoadConfigFile (file:///C:/Projects/DocFlow/document-workflow-app/frontend/node_modules/vite/dist/node/chunks/node.js:35529:18)
    at async loadConfigFromFile (file:///C:/Projects/DocFlow/document-workflow-app/frontend/node_modules/vite/dist/node/chunks/node.js:35490:42)
    at async resolveConfig (file:///C:/Projects/DocFlow/document-workflow-app/frontend/node_modules/vite/dist/node/chunks/node.js:35106:22)
    at async _createServer (file:///C:/Projects/DocFlow/document-workflow-app/frontend/node_modules/vite/dist/node/chunks/node.js:25315:65)
    at async CAC.<anonymous> (file:///C:/Projects/DocFlow/document-workflow-app/frontend/node_modules/vite/dist/node/cli.js:708:18) {
  errors: [Getter/Setter]
}[39m
